<?xml version="1.0" encoding="UTF-8"?>
<!-- Generated by org.testng.reporters.JUnitReportReporter -->
<testsuite hostname="ShahidHood" failures="0" tests="2" name="com.orangehrm.test.HomePageTest" time="16.216" errors="0" timestamp="2025-10-13T17:19:29 EDT" skipped="0">
  <testcase classname="com.orangehrm.test.HomePageTest" name="verifyHrmLogoDisplay" time="8.418"/>
  <testcase classname="com.orangehrm.test.HomePageTest" name="verifyValidAdminTabTest" time="7.798"/>
</testsuite> <!-- com.orangehrm.test.HomePageTest -->
